2024-06-11T06:05:00.284Z [SUCCESS] - New entry added: {"id":14,"name":"Kassie","score":81,"age":61,"city":"San Rafael Arriba","gender":"Female"}
2024-06-11T06:05:00.319Z [SUCCESS] - New entry added: {"id":13,"name":"Cloris","score":86,"age":97,"city":"Roissy Charles-de-Gaulle","gender":"Female"}
2024-06-11T06:05:00.372Z [SUCCESS] - New entry added: {"id":17,"name":"Emma","score":66,"age":47,"city":"Ryczów","gender":"Female"}
2024-06-11T06:05:00.391Z [SUCCESS] - New entry added: {"id":18,"name":"Leila","score":35,"age":8,"city":"Banjar Sembunggede","gender":"Female"}
2024-06-11T06:05:00.401Z [SUCCESS] - New entry added: {"id":19,"name":"Alvis","score":18,"age":51,"city":"Gwangjeok","gender":"Male"}
2024-06-11T06:05:00.426Z [SUCCESS] - New entry added: {"id":20,"name":"Vivie","score":12,"age":60,"city":"Shengtang","gender":"Female"}
2024-06-11T06:05:00.910Z [SUCCESS] - New entry added: {"id":16,"name":"Sinclare","score":18,"age":85,"city":"Heshe","gender":"Male"}
2024-06-11T06:05:01.039Z [SUCCESS] - New entry added: {"id":23,"name":"Emelita","score":18,"age":94,"city":"Sosnovka","gender":"Female"}
2024-06-11T06:05:01.044Z [SUCCESS] - New entry added: {"id":22,"name":"Vincenz","score":47,"age":15,"city":"Xinjiezhen","gender":"Male"}
2024-06-11T06:05:01.051Z [SUCCESS] - New entry added: {"id":21,"name":"Kelley","score":61,"age":34,"city":"Carepa","gender":"Female"}
2024-06-11T06:05:01.064Z [SUCCESS] - New entry added: {"id":26,"name":"Egan","score":65,"age":24,"city":"Hovtashen","gender":"Male"}
2024-06-11T06:05:01.096Z [SUCCESS] - New entry added: {"id":24,"name":"Lydie","score":91,"age":79,"city":"Paradise","gender":"Female"}
2024-06-11T06:05:01.109Z [SUCCESS] - New entry added: {"id":27,"name":"Camey","score":10,"age":42,"city":"Busdi","gender":"Male"}
2024-06-11T06:05:01.118Z [SUCCESS] - New entry added: {"id":25,"name":"Linnea","score":11,"age":6,"city":"Ciwaru","gender":"Female"}
2024-06-11T06:05:01.122Z [SUCCESS] - New entry added: {"id":28,"name":"Sigismondo","score":90,"age":14,"city":"Mopipi","gender":"Male"}
2024-06-11T06:05:01.125Z [SUCCESS] - New entry added: {"id":29,"name":"Gerrard","score":83,"age":22,"city":"Santa Teresa First","gender":"Male"}
2024-06-11T06:05:01.129Z [SUCCESS] - New entry added: {"id":30,"name":"Genna","score":79,"age":96,"city":"Jinshandian","gender":"Female"}
2024-06-11T06:05:01.523Z [SUCCESS] - New entry added: {"id":40,"name":"Moises","score":17,"age":6,"city":"Zherdevka","gender":"Bigender"}
2024-06-11T06:05:01.552Z [SUCCESS] - New entry added: {"id":35,"name":"Thomasina","score":47,"age":14,"city":"Busia","gender":"Female"}
2024-06-11T06:05:01.556Z [SUCCESS] - New entry added: {"id":32,"name":"Ardelis","score":68,"age":4,"city":"Konibodom","gender":"Female"}
2024-06-11T06:05:01.567Z [SUCCESS] - New entry added: {"id":31,"name":"Wayland","score":95,"age":73,"city":"Primorsko","gender":"Male"}
2024-06-11T06:05:01.573Z [SUCCESS] - New entry added: {"id":39,"name":"Patin","score":44,"age":22,"city":"Dobje pri Planini","gender":"Male"}
2024-06-11T06:05:01.582Z [SUCCESS] - New entry added: {"id":36,"name":"Cary","score":77,"age":80,"city":"Eydhafushi","gender":"Male"}
2024-06-11T06:05:01.587Z [SUCCESS] - New entry added: {"id":33,"name":"Alexandrina","score":56,"age":35,"city":"Hrochův Týnec","gender":"Female"}
2024-06-11T06:05:01.595Z [SUCCESS] - New entry added: {"id":34,"name":"Marabel","score":56,"age":10,"city":"Spokoynaya","gender":"Polygender"}
2024-06-11T06:05:02.034Z [SUCCESS] - New entry added: {"id":37,"name":"Fay","score":15,"age":50,"city":"Jinghai","gender":"Female"}
2024-06-11T06:05:02.041Z [SUCCESS] - New entry added: {"id":38,"name":"Selby","score":33,"age":58,"city":"Shimotoda","gender":"Male"}
2024-06-11T06:05:02.340Z [SUCCESS] - New entry added: {"id":45,"name":"Chrysler","score":20,"age":11,"city":"Krajan Kerjo","gender":"Female"}
2024-06-11T06:05:02.373Z [SUCCESS] - New entry added: {"id":44,"name":"Tymothy","score":52,"age":67,"city":"Betafo","gender":"Male"}
2024-06-11T06:05:02.377Z [SUCCESS] - New entry added: {"id":42,"name":"Hildegarde","score":70,"age":44,"city":"Évry","gender":"Female"}
2024-06-11T06:05:02.381Z [SUCCESS] - New entry added: {"id":43,"name":"Almira","score":4,"age":3,"city":"Tongren","gender":"Female"}
2024-06-11T06:05:02.386Z [SUCCESS] - New entry added: {"id":46,"name":"Rona","score":90,"age":57,"city":"Sagana","gender":"Female"}
2024-06-11T06:05:02.390Z [SUCCESS] - New entry added: {"id":47,"name":"Tomasine","score":79,"age":27,"city":"Aimadamodo","gender":"Female"}
2024-06-11T06:05:02.395Z [SUCCESS] - New entry added: {"id":41,"name":"Michel","score":40,"age":51,"city":"Passa Quatro","gender":"Female"}
2024-06-11T06:05:02.415Z [SUCCESS] - New entry added: {"id":50,"name":"Stanislaw","score":79,"age":62,"city":"Owen Sound","gender":"Male"}
2024-06-11T06:05:02.418Z [SUCCESS] - New entry added: {"id":49,"name":"Pandora","score":5,"age":27,"city":"Melissochóri","gender":"Female"}
2024-06-11T06:05:02.423Z [SUCCESS] - New entry added: {"id":48,"name":"Carlos","score":60,"age":74,"city":"Campo Largo","gender":"Male"}
2024-06-11T06:05:03.261Z [SUCCESS] - New entry added: {"id":55,"name":"Berkly","score":37,"age":72,"city":"Lapaz","gender":"Male"}
2024-06-11T06:05:03.268Z [SUCCESS] - New entry added: {"id":51,"name":"Romonda","score":46,"age":11,"city":"Tumbagaan","gender":"Female"}
2024-06-11T06:05:03.272Z [SUCCESS] - New entry added: {"id":53,"name":"Halsy","score":70,"age":82,"city":"Jacaltenango","gender":"Male"}
2024-06-11T06:05:03.284Z [SUCCESS] - New entry added: {"id":56,"name":"Earle","score":73,"age":41,"city":"Staroutkinsk","gender":"Male"}
2024-06-11T06:05:03.414Z [SUCCESS] - New entry added: {"id":60,"name":"Odelle","score":75,"age":50,"city":"Belovo","gender":"Female"}
2024-06-11T06:05:03.429Z [SUCCESS] - New entry added: {"id":57,"name":"Deni","score":20,"age":81,"city":"Lewoduli","gender":"Female"}
2024-06-11T06:05:03.436Z [SUCCESS] - New entry added: {"id":58,"name":"Liv","score":16,"age":23,"city":"Quintãs","gender":"Female"}
2024-06-11T06:05:03.444Z [SUCCESS] - New entry added: {"id":59,"name":"Jakob","score":93,"age":63,"city":"Erjiegou","gender":"Male"}
2024-06-11T06:05:03.669Z [SUCCESS] - New entry added: {"id":52,"name":"Ariel","score":47,"age":24,"city":"Xujiadian","gender":"Female"}
2024-06-11T06:05:03.686Z [SUCCESS] - New entry added: {"id":54,"name":"Grant","score":73,"age":96,"city":"Mogok","gender":"Male"}
2024-06-11T06:05:04.548Z [SUCCESS] - New entry added: {"id":64,"name":"Noel","score":57,"age":100,"city":"Zgornje Gorje","gender":"Female"}
2024-06-11T06:05:04.666Z [SUCCESS] - New entry added: {"id":61,"name":"Manuel","score":14,"age":77,"city":"Yejia","gender":"Male"}
2024-06-11T06:05:04.670Z [SUCCESS] - New entry added: {"id":62,"name":"Astra","score":67,"age":22,"city":"Shamboyacu","gender":"Female"}
2024-06-11T06:05:04.794Z [SUCCESS] - New entry added: {"id":63,"name":"Ulrika","score":25,"age":28,"city":"Klokot","gender":"Female"}
2024-06-11T06:05:04.831Z [SUCCESS] - New entry added: {"id":65,"name":"Nikolaus","score":50,"age":85,"city":"Fatou","gender":"Male"}
2024-06-11T06:05:04.897Z [SUCCESS] - New entry added: {"id":67,"name":"Monah","score":54,"age":22,"city":"Iturama","gender":"Female"}
2024-06-11T06:05:04.975Z [SUCCESS] - New entry added: {"id":66,"name":"Leonardo","score":96,"age":63,"city":"Bengga","gender":"Male"}
2024-06-11T06:05:04.982Z [SUCCESS] - New entry added: {"id":68,"name":"Daryl","score":60,"age":68,"city":"Rouyuan","gender":"Female"}
2024-06-11T06:05:04.986Z [SUCCESS] - New entry added: {"id":70,"name":"Almeta","score":47,"age":58,"city":"Sungai","gender":"Female"}
2024-06-11T06:05:04.990Z [SUCCESS] - New entry added: {"id":69,"name":"Glenine","score":23,"age":45,"city":"Wiphawadi","gender":"Female"}
2024-06-11T06:05:06.072Z [SUCCESS] - New entry added: {"id":71,"name":"Erv","score":18,"age":21,"city":"Bijelo Polje","gender":"Male"}
2024-06-11T06:05:06.078Z [SUCCESS] - New entry added: {"id":72,"name":"Ciro","score":39,"age":75,"city":"Eslöv","gender":"Male"}
2024-06-11T06:05:06.081Z [SUCCESS] - New entry added: {"id":73,"name":"Walker","score":8,"age":15,"city":"Chengdong","gender":"Male"}
2024-06-11T06:05:06.085Z [SUCCESS] - New entry added: {"id":74,"name":"Shane","score":42,"age":86,"city":"Gunjur","gender":"Male"}
2024-06-11T06:05:06.610Z [SUCCESS] - New entry added: {"id":77,"name":"Arlin","score":21,"age":1,"city":"Lüderitz","gender":"Male"}
2024-06-11T06:05:06.630Z [SUCCESS] - New entry added: {"id":79,"name":"Hale","score":73,"age":39,"city":"Jinji","gender":"Male"}
2024-06-11T06:05:06.637Z [SUCCESS] - New entry added: {"id":80,"name":"Godfrey","score":65,"age":12,"city":"Anding","gender":"Male"}
2024-06-11T06:05:06.654Z [SUCCESS] - New entry added: {"id":78,"name":"Darla","score":11,"age":47,"city":"Donnybrook","gender":"Female"}
2024-06-11T06:05:07.390Z [SUCCESS] - New entry added: {"id":75,"name":"Ezra","score":44,"age":97,"city":"Andradas","gender":"Male"}
2024-06-11T06:05:07.399Z [SUCCESS] - New entry added: {"id":76,"name":"Torin","score":89,"age":76,"city":"Anhua","gender":"Male"}
2024-06-11T06:05:09.629Z [SUCCESS] - New entry added: {"id":81,"name":"Laetitia","score":88,"age":46,"city":"Litian","gender":"Female"}
2024-06-11T06:05:09.652Z [SUCCESS] - New entry added: {"id":83,"name":"Edik","score":2,"age":20,"city":"Omemee","gender":"Male"}
2024-06-11T06:05:09.710Z [SUCCESS] - New entry added: {"id":84,"name":"Silvia","score":80,"age":97,"city":"Popayán","gender":"Female"}
2024-06-11T06:05:09.830Z [SUCCESS] - New entry added: {"id":86,"name":"Muhammad","score":90,"age":90,"city":"Yurino","gender":"Male"}
2024-06-11T06:05:09.840Z [SUCCESS] - New entry added: {"id":87,"name":"Arney","score":73,"age":22,"city":"Kedungwaru","gender":"Male"}
2024-06-11T06:05:09.854Z [SUCCESS] - New entry added: {"id":88,"name":"Robyn","score":85,"age":9,"city":"Tlogocilik","gender":"Female"}
2024-06-11T06:05:09.864Z [SUCCESS] - New entry added: {"id":89,"name":"Griffith","score":89,"age":62,"city":"Vilkaviskis","gender":"Male"}
2024-06-11T06:05:09.870Z [SUCCESS] - New entry added: {"id":90,"name":"Kayle","score":93,"age":84,"city":"Sabbah","gender":"Female"}
2024-06-11T06:05:09.885Z [SUCCESS] - New entry added: {"id":82,"name":"Fleur","score":41,"age":51,"city":"Calizo","gender":"Female"}
2024-06-11T06:05:09.997Z [SUCCESS] - New entry added: {"id":85,"name":"Retha","score":27,"age":93,"city":"Březová","gender":"Female"}
